<?xml version="1.0" encoding="UTF-8"?>
<!-- Generated by org.testng.reporters.JUnitReportReporter -->
<testsuite hostname="DESKTOP-BAP7IMG" failures="0" tests="3" name="rahulshettyacademy.tests.SubmitOrderTest" time="25.087" errors="0" timestamp="06 Jul 2023 09:21:28 GMT" skipped="0">
  <testcase classname="rahulshettyacademy.tests.SubmitOrderTest" name="OrderHistoryTest" time="8.754"/>
  <testcase classname="rahulshettyacademy.tests.SubmitOrderTest" name="submitOrder" time="7.676"/>
  <testcase classname="rahulshettyacademy.tests.SubmitOrderTest" name="submitOrder" time="8.657"/>
</testsuite> <!-- rahulshettyacademy.tests.SubmitOrderTest -->
