<?xml version="1.0" encoding="UTF-8"?>
<!-- Generated by org.testng.reporters.JUnitReportReporter -->
<testsuite hostname="DESKTOP-BAP7IMG" failures="0" tests="2" name="rahulshettyacademy.tests.ErrorValidationsTest" time="17.670" errors="0" timestamp="06 Jul 2023 09:21:28 GMT" skipped="0">
  <testcase classname="rahulshettyacademy.tests.ErrorValidationsTest" name="LoginErrorValidation" time="9.910"/>
  <testcase classname="rahulshettyacademy.tests.ErrorValidationsTest" name="ProductErrorValidation" time="7.760"/>
</testsuite> <!-- rahulshettyacademy.tests.ErrorValidationsTest -->
