<?xml version="1.0" encoding="UTF-8"?>
<!-- Generated by org.testng.reporters.JUnitReportReporter -->
<testsuite hostname="DESKTOP-BAP7IMG" failures="0" tests="1" name="rahulshettyacademy.tests.ErrorValidationsTest" time="10.834" errors="0" timestamp="10 Jul 2023 10:20:38 GMT" skipped="0">
  <testcase classname="rahulshettyacademy.tests.ErrorValidationsTest" name="LoginErrorValidation" time="10.834"/>
</testsuite> <!-- rahulshettyacademy.tests.ErrorValidationsTest -->
